<?xml version="1.0" encoding="UTF-8"?>
<testng-results ignored="1" total="7" passed="6" failed="0" skipped="0">
  <reporter-output>
  </reporter-output>
  <suite started-at="2022-03-25T21:07:43 IST" name="Booking Suite" finished-at="2022-03-25T21:07:43 IST" duration-ms="36">
    <groups>
    </groups>
    <test started-at="2022-03-25T21:07:43 IST" name="Create Booking Test - Apply Discount -- pay@Hotel" finished-at="2022-03-25T21:07:43 IST" duration-ms="36">
      <class name="testCases.CustomerCommunications">
        <test-method signature="checkMail()[pri:0, instance:testCases.CustomerCommunications@1e127982]" started-at="2022-03-25T21:07:43 IST" name="checkMail" finished-at="2022-03-25T21:07:43 IST" duration-ms="0" status="PASS">
          <reporter-output>
          </reporter-output>
        </test-method> <!-- checkMail -->
        <test-method signature="checkMobile(org.testng.ITestContext)[pri:0, instance:testCases.CustomerCommunications@1e127982]" started-at="2022-03-25T21:07:43 IST" name="checkMobile" finished-at="2022-03-25T21:07:43 IST" duration-ms="0" status="PASS">
          <params>
            <param index="0">
              <value>
                <![CDATA[org.testng.TestRunner@704921a5]]>
              </value>
            </param>
          </params>
          <reporter-output>
          </reporter-output>
        </test-method> <!-- checkMobile -->
      </class> <!-- testCases.CustomerCommunications -->
      <class name="testCases.PaymentManagement">
        <test-method signature="applyDiscount()[pri:0, instance:testCases.PaymentManagement@617faa95]" started-at="2022-03-25T21:07:43 IST" name="applyDiscount" finished-at="2022-03-25T21:07:43 IST" duration-ms="0" status="PASS">
          <reporter-output>
          </reporter-output>
        </test-method> <!-- applyDiscount -->
        <test-method signature="makePayment(java.lang.String,org.testng.ITestContext)[pri:0, instance:testCases.PaymentManagement@617faa95]" started-at="2022-03-25T21:07:43 IST" name="makePayment" finished-at="2022-03-25T21:07:43 IST" duration-ms="1" status="PASS">
          <params>
            <param index="0">
              <value>
                <![CDATA[pay@Hotel]]>
              </value>
            </param>
            <param index="1">
              <value>
                <![CDATA[org.testng.TestRunner@704921a5]]>
              </value>
            </param>
          </params>
          <reporter-output>
          </reporter-output>
        </test-method> <!-- makePayment -->
      </class> <!-- testCases.PaymentManagement -->
      <class name="testCases.BookingSearch">
        <test-method signature="selectHotel()[pri:0, instance:testCases.BookingSearch@25bbe1b6]" started-at="2022-03-25T21:07:43 IST" name="selectHotel" finished-at="2022-03-25T21:07:43 IST" duration-ms="4" status="PASS">
          <reporter-output>
          </reporter-output>
        </test-method> <!-- selectHotel -->
        <test-method signature="enterGuestInfo()[pri:0, instance:testCases.BookingSearch@25bbe1b6]" started-at="2022-03-25T21:07:43 IST" name="enterGuestInfo" finished-at="2022-03-25T21:07:43 IST" duration-ms="0" status="PASS">
          <reporter-output>
          </reporter-output>
        </test-method> <!-- enterGuestInfo -->
      </class> <!-- testCases.BookingSearch -->
    </test> <!-- Create Booking Test - Apply Discount - pay@Hotel -->
  </suite> <!-- Booking Suite -->
</testng-results>
