<?xml version="1.0" encoding="UTF-8"?>
<!-- Generated by org.testng.reporters.JUnitXMLReporter -->
<testsuite ignored="0" hostname="DESKTOP-OSUCQ8V" failures="0" tests="7" name="Create Booking Test - Apply Discount -- InstantPayment" time="0.014" errors="0" timestamp="2022-03-22T20:20:39 IST">
  <testcase classname="testCases.BookingSearch" name="searchHotel" time="0.001"/>
  <testcase classname="testCases.BookingSearch" name="selectHotel" time="0.0"/>
  <testcase classname="testCases.BookingSearch" name="enterGuestInfo" time="0.0"/>
  <testcase classname="testCases.PaymentMangement" name="applyDiscount" time="0.001"/>
  <testcase classname="testCases.PaymentMangement" name="makePayment" time="0.0"/>
  <testcase classname="testCases.CustomerCommunications" name="checkMobile" time="0.001"/>
  <testcase classname="testCases.CustomerCommunications" name="checkMail" time="0.0"/>
</testsuite> <!-- Create Booking Test - Apply Discount - InstantPayment -->
