<?xml version="1.0" encoding="UTF-8"?>
<!-- Generated by org.testng.reporters.JUnitXMLReporter -->
<testsuite ignored="1" hostname="DESKTOP-OSUCQ8V" failures="0" tests="6" name="Create Booking Test - Apply Discount -- pay@Hotel" time="0.036" errors="0" timestamp="2022-03-25T21:07:43 IST">
  <testcase classname="testCases.BookingSearch" name="selectHotel" time="0.004"/>
  <testcase classname="testCases.BookingSearch" name="enterGuestInfo" time="0.0"/>
  <testcase classname="testCases.PaymentManagement" name="applyDiscount" time="0.0"/>
  <testcase classname="testCases.PaymentManagement" name="makePayment" time="0.001"/>
  <testcase classname="testCases.CustomerCommunications" name="checkMail" time="0.0"/>
  <testcase classname="testCases.CustomerCommunications" name="checkMobile" time="0.0"/>
  <testcase classname="testCases.BookingSearch" name="searchHotel" time="0.0">
    <ignored/>
  </testcase> <!-- searchHotel -->
</testsuite> <!-- Create Booking Test - Apply Discount - pay@Hotel -->
